<?xml version="1.0" encoding="UTF-8"?>
<!-- Generated by org.testng.reporters.JUnitXMLReporter -->
<testsuite ignored="0" hostname="bcedbeeced305436552cefcbeadabbbbafetwo-0" failures="0" tests="1" name="Surefire test" time="3.509" errors="0" timestamp="2023-09-29T09:16:42 UTC">
  <testcase classname="runner.Testcase1" name="@BeforeMethod beforeMethod" time="3.466">
    <failure type="java.lang.ExceptionInInitializerError">
      <![CDATA[java.lang.ExceptionInInitializerError
at org.apache.log4j.Logger.getLogger(Logger.java:104)
at freemarker.log._Log4jLoggerFactory.getLogger(_Log4jLoggerFactory.java:31)
at freemarker.log.Logger.getLogger(Logger.java:362)
at freemarker.template.Configuration.<clinit>(Configuration.java:151)
at com.aventstack.extentreports.reporter.AbstractFileReporter.loadTemplateModel(AbstractFileReporter.java:54)
at com.aventstack.extentreports.reporter.ExtentSparkReporter.start(ExtentSparkReporter.java:136)
at com.aventstack.extentreports.reporter.ExtentSparkReporter.access$000(ExtentSparkReporter.java:27)
at com.aventstack.extentreports.reporter.ExtentSparkReporter$1.onSubscribe(ExtentSparkReporter.java:116)
at io.reactivex.rxjava3.subjects.PublishSubject.subscribeActual(PublishSubject.java:133)
at io.reactivex.rxjava3.core.Observable.subscribe(Observable.java:13099)
at com.aventstack.extentreports.ReactiveSubject.attachReporter(ReactiveSubject.java:38)
at com.aventstack.extentreports.ExtentReports.attachReporter(ExtentReports.java:66)
at utils.Reporter.createExtentReport(Reporter.java:72)
at utils.Reporter.generateExtentReport(Reporter.java:32)
at utils.Reporter.generateExtentReport(Reporter.java:27)
at runner.Testcase1.beforeMethod(Testcase1.java:38)
at java.base/java.util.ArrayList.forEach(ArrayList.java:1541)
Caused by: java.lang.IllegalArgumentException: Illegal pattern character 'U'
at java.base/java.text.SimpleDateFormat.compile(SimpleDateFormat.java:845)
at java.base/java.text.SimpleDateFormat.initialize(SimpleDateFormat.java:653)
at java.base/java.text.SimpleDateFormat.<init>(SimpleDateFormat.java:624)
at java.base/java.text.SimpleDateFormat.<init>(SimpleDateFormat.java:599)
at org.apache.log4j.DailyRollingFileAppender.activateOptions(DailyRollingFileAppender.java:226)
at org.apache.log4j.config.PropertySetter.activate(PropertySetter.java:307)
at org.apache.log4j.config.PropertySetter.setProperties(PropertySetter.java:172)
at org.apache.log4j.config.PropertySetter.setProperties(PropertySetter.java:104)
at org.apache.log4j.PropertyConfigurator.parseAppender(PropertyConfigurator.java:842)
at org.apache.log4j.PropertyConfigurator.parseCategory(PropertyConfigurator.java:768)
at org.apache.log4j.PropertyConfigurator.configureRootCategory(PropertyConfigurator.java:648)
at org.apache.log4j.PropertyConfigurator.doConfigure(PropertyConfigurator.java:514)
at org.apache.log4j.PropertyConfigurator.doConfigure(PropertyConfigurator.java:580)
at org.apache.log4j.helpers.OptionConverter.selectAndConfigure(OptionConverter.java:526)
at org.apache.log4j.LogManager.<clinit>(LogManager.java:127)
... 53 more
... Removed 36 stack frames]]>
    </failure>
  </testcase> <!-- @BeforeMethod beforeMethod -->
  <testcase classname="runner.Testcase1" name="@AfterMethod afterMethod" time="0.0">
    <skipped/>
  </testcase> <!-- @AfterMethod afterMethod -->
  <testcase classname="runner.Testcase1" name="TC_001" time="0.001">
    <skipped/>
  </testcase> <!-- TC_001 -->
</testsuite> <!-- Surefire test -->
