<?xml version="1.0" encoding="UTF-8"?>
<!-- Generated by org.testng.reporters.JUnitXMLReporter -->
<testsuite ignored="0" hostname="bcedbeeced305436552cefcbeadabbbbafetwo-0" failures="0" tests="3" name="Surefire test" time="39.206" errors="0" timestamp="2023-09-29T09:00:54 UTC">
  <testcase classname="runner.Testcase2" name="TC_002" time="9.87"/>
  <testcase classname="runner.Testcase3" name="TC_003" time="9.961"/>
  <testcase classname="runner.Testcase1" name="TC_001" time="6.209"/>
</testsuite> <!-- Surefire test -->
